<?xml version="1.0" encoding="UTF-8"?>
<testsuite xmlns:xsi="http://www.w3.org/2001/XMLSchema-instance" xsi:noNamespaceSchemaLocation="https://maven.apache.org/surefire/maven-surefire-plugin/xsd/surefire-test-report-3.0.xsd" version="3.0" name="com.calculatorproject.MultiplicationTest" time="0.021" tests="3" errors="0" skipped="0" failures="0">
  <properties>
[...]
</properties>
  <testcase name="testAddition(double, double, double)[1]" classname="com.calculatorproject.MultiplicationTest" time="0.002"/>
  <testcase name="testAddition(double, double, double)[2]" classname="com.calculatorproject.MultiplicationTest" time="0.002"/>
  <testcase name="testAddition(double, double, double)[3]" classname="com.calculatorproject.MultiplicationTest" time="0.007"/>
</testsuite>